[debug] [2025-10-11T16:57:41.803Z] ----------------------------------------------------------------------
[debug] [2025-10-11T16:57:41.811Z] Command:       /usr/local/bin/node /usr/local/bin/firebase emulators:start
[debug] [2025-10-11T16:57:41.811Z] CLI Version:   14.19.1
[debug] [2025-10-11T16:57:41.811Z] Platform:      darwin
[debug] [2025-10-11T16:57:41.811Z] Node Version:  v20.15.0
[debug] [2025-10-11T16:57:41.811Z] Time:          Sat Oct 11 2025 22:27:41 GMT+0530 (India Standard Time)
[debug] [2025-10-11T16:57:41.811Z] ----------------------------------------------------------------------
[debug] 
[debug] [2025-10-11T16:57:41.998Z] > command requires scopes: ["email","openid","https://www.googleapis.com/auth/cloudplatformprojects.readonly","https://www.googleapis.com/auth/firebase","https://www.googleapis.com/auth/cloud-platform"]
[debug] [2025-10-11T16:57:41.998Z] > authorizing via signed-in user (induwara1203@gmail.com)
[debug] [2025-10-11T16:57:42.158Z] openjdk version "25" 2025-09-16

[debug] [2025-10-11T16:57:42.158Z] OpenJDK Runtime Environment Homebrew (build 25)
OpenJDK 64-Bit Server VM Homebrew (build 25, mixed mode, sharing)

[debug] [2025-10-11T16:57:42.164Z] Parsed Java major version: 25
[info] i  emulators: Starting emulators: auth, firestore, hosting {"metadata":{"emulator":{"name":"hub"},"message":"Starting emulators: auth, firestore, hosting"}}
[warn] ⚠  auth: Port 9099 is available on 127.0.0.1 but not ::1. This may cause issues with some clients. {"metadata":{"emulator":{"name":"auth"},"message":"Port 9099 is available on 127.0.0.1 but not ::1. This may cause issues with some clients."}}
[warn] ⚠  auth: If you encounter connectivity issues, consider switching to a different port or explicitly specifying "host": "<ip address>" instead of hostname in firebase.json {"metadata":{"emulator":{"name":"auth"},"message":"If you encounter connectivity issues, consider switching to a different port or explicitly specifying \u001b[33m\"host\": \"<ip address>\"\u001b[39m instead of hostname in firebase.json"}}
[warn] ⚠  firestore: Port 9099 is not open on localhost (127.0.0.1), could not start Firestore Emulator. {"metadata":{"emulator":{"name":"firestore"},"message":"Port 9099 is not open on localhost (127.0.0.1), could not start Firestore Emulator."}}
[warn] ⚠  firestore: To select a different host/port, specify that host/port in a firebase.json config file:
      {
        // ...
        "emulators": {
          "firestore": {
            "host": "HOST",
            "port": "PORT"
          }
        }
      } {"metadata":{"emulator":{"name":"firestore"},"message":"To select a different host/port, specify that host/port in a firebase.json config file:\n      {\n        // ...\n        \"emulators\": {\n          \"firestore\": {\n            \"host\": \"\u001b[33mHOST\u001b[39m\",\n            \"port\": \"\u001b[33mPORT\u001b[39m\"\n          }\n        }\n      }"}}
[debug] [2025-10-11T16:57:42.744Z] [logging] Logging Emulator only supports listening on one address (127.0.0.1). Not listening on ::1
[debug] [2025-10-11T16:57:42.744Z] [firestore.websocket] websocket server for firestore only supports listening on one address (127.0.0.1). Not listening on ::1
[warn] ⚠  hosting: Hosting Emulator unable to start on port 5000, starting on 5002 instead. {"metadata":{"emulator":{"name":"hosting"},"message":"Hosting Emulator unable to start on port 5000, starting on 5002 instead."}}
[debug] [2025-10-11T16:57:42.744Z] [hosting] Hosting Emulator only supports listening on one address (127.0.0.1). Not listening on ::1
[debug] [2025-10-11T16:57:42.747Z] Could not find VSCode notification endpoint: FetchError: request to http://localhost:40001/vscode/notify failed, reason: . If you are not running the Firebase Data Connect VSCode extension, this is expected and not an issue.
[info] i  emulators: Shutting down emulators. {"metadata":{"emulator":{"name":"hub"},"message":"Shutting down emulators."}}
[debug] [2025-10-11T16:57:42.749Z] Could not find VSCode notification endpoint: FetchError: request to http://localhost:40001/vscode/notify failed, reason: . If you are not running the Firebase Data Connect VSCode extension, this is expected and not an issue.
[debug] [2025-10-11T16:57:47.757Z] Error: Timed out.
    at Timeout._onTimeout (/usr/local/lib/node_modules/firebase-tools/lib/utils.js:275:49)
    at listOnTimeout (node:internal/timers:573:17)
    at process.processTimers (node:internal/timers:514:7)
[error] 
[error] Error: An unexpected error has occurred.
[debug] [2025-10-11T17:13:04.847Z] ----------------------------------------------------------------------
[debug] [2025-10-11T17:13:04.854Z] Command:       /usr/local/bin/node /usr/local/bin/firebase emulators:start
[debug] [2025-10-11T17:13:04.854Z] CLI Version:   14.19.1
[debug] [2025-10-11T17:13:04.854Z] Platform:      darwin
[debug] [2025-10-11T17:13:04.855Z] Node Version:  v20.15.0
[debug] [2025-10-11T17:13:04.855Z] Time:          Sat Oct 11 2025 22:43:04 GMT+0530 (India Standard Time)
[debug] [2025-10-11T17:13:04.855Z] ----------------------------------------------------------------------
[debug] 
[debug] [2025-10-11T17:13:05.051Z] > command requires scopes: ["email","openid","https://www.googleapis.com/auth/cloudplatformprojects.readonly","https://www.googleapis.com/auth/firebase","https://www.googleapis.com/auth/cloud-platform"]
[debug] [2025-10-11T17:13:05.051Z] > authorizing via signed-in user (induwara1203@gmail.com)
[debug] [2025-10-11T17:13:05.205Z] openjdk version "25" 2025-09-16

[debug] [2025-10-11T17:13:05.206Z] OpenJDK Runtime Environment Homebrew (build 25)
OpenJDK 64-Bit Server VM Homebrew (build 25, mixed mode, sharing)

[debug] [2025-10-11T17:13:05.211Z] Parsed Java major version: 25
[info] i  emulators: Starting emulators: auth, firestore, hosting {"metadata":{"emulator":{"name":"hub"},"message":"Starting emulators: auth, firestore, hosting"}}
[debug] [2025-10-11T17:13:05.744Z] [logging] Logging Emulator only supports listening on one address (127.0.0.1). Not listening on ::1
[debug] [2025-10-11T17:13:05.744Z] [auth] Authentication Emulator only supports listening on one address (127.0.0.1). Not listening on ::1
[debug] [2025-10-11T17:13:05.744Z] [firestore] Firestore Emulator only supports listening on one address (127.0.0.1). Not listening on ::1
[debug] [2025-10-11T17:13:05.744Z] [firestore.websocket] websocket server for firestore only supports listening on one address (127.0.0.1). Not listening on ::1
[warn] ⚠  hosting: Hosting Emulator unable to start on port 5000, starting on 5002 instead. {"metadata":{"emulator":{"name":"hosting"},"message":"Hosting Emulator unable to start on port 5000, starting on 5002 instead."}}
[debug] [2025-10-11T17:13:05.745Z] [hosting] Hosting Emulator only supports listening on one address (127.0.0.1). Not listening on ::1
[debug] [2025-10-11T17:13:05.745Z] assigned listening specs for emulators {"user":{"hub":[{"address":"127.0.0.1","family":"IPv4","port":4400},{"address":"::1","family":"IPv6","port":4400}],"ui":[{"address":"127.0.0.1","family":"IPv4","port":4000},{"address":"::1","family":"IPv6","port":4000}],"logging":[{"address":"127.0.0.1","family":"IPv4","port":4500}],"auth":[{"address":"127.0.0.1","family":"IPv4","port":9099}],"firestore":[{"address":"127.0.0.1","family":"IPv4","port":8080}],"firestore.websocket":[{"address":"127.0.0.1","family":"IPv4","port":9150}],"hosting":[{"address":"127.0.0.1","family":"IPv4","port":5002}]},"metadata":{"message":"assigned listening specs for emulators"}}
[debug] [2025-10-11T17:13:05.748Z] Emulator locator file path: /tmp/hub-sl-bus-timetable-app.json
[debug] [2025-10-11T17:13:05.749Z] [hub] writing locator at /tmp/hub-sl-bus-timetable-app.json
[warn] ⚠  firestore: Cloud Firestore Emulator does not support multiple databases yet. {"metadata":{"emulator":{"name":"firestore"},"message":"Cloud Firestore Emulator does not support multiple databases yet."}}
[warn] ⚠  firestore: Did not find a Cloud Firestore rules file specified in a firebase.json config file. {"metadata":{"emulator":{"name":"firestore"},"message":"Did not find a Cloud Firestore rules file specified in a firebase.json config file."}}
[warn] ⚠  firestore: The emulator will default to allowing all reads and writes. Learn more about this option: https://firebase.google.com/docs/emulator-suite/install_and_configure#security_rules_configuration. {"metadata":{"emulator":{"name":"firestore"},"message":"The emulator will default to allowing all reads and writes. Learn more about this option: https://firebase.google.com/docs/emulator-suite/install_and_configure#security_rules_configuration."}}
[debug] [2025-10-11T17:13:05.758Z] Ignoring unsupported arg: auto_download {"metadata":{"emulator":{"name":"firestore"},"message":"Ignoring unsupported arg: auto_download"}}
[debug] [2025-10-11T17:13:05.758Z] Ignoring unsupported arg: single_project_mode_error {"metadata":{"emulator":{"name":"firestore"},"message":"Ignoring unsupported arg: single_project_mode_error"}}
[debug] [2025-10-11T17:13:05.758Z] Starting Firestore Emulator with command {"binary":"java","args":["-Dgoogle.cloud_firestore.debug_log_level=FINE","-Duser.language=en","-jar","/Users/induwarapathirana/.cache/firebase/emulators/cloud-firestore-emulator-v1.19.8.jar","--host","127.0.0.1","--port",8080,"--websocket_port",9150,"--project_id","sl-bus-timetable-app","--single_project_mode",true],"optionalArgs":["port","webchannel_port","host","rules","websocket_port","functions_emulator","seed_from_export","project_id","single_project_mode"],"joinArgs":false,"shell":false,"port":8080} {"metadata":{"emulator":{"name":"firestore"},"message":"Starting Firestore Emulator with command {\"binary\":\"java\",\"args\":[\"-Dgoogle.cloud_firestore.debug_log_level=FINE\",\"-Duser.language=en\",\"-jar\",\"/Users/induwarapathirana/.cache/firebase/emulators/cloud-firestore-emulator-v1.19.8.jar\",\"--host\",\"127.0.0.1\",\"--port\",8080,\"--websocket_port\",9150,\"--project_id\",\"sl-bus-timetable-app\",\"--single_project_mode\",true],\"optionalArgs\":[\"port\",\"webchannel_port\",\"host\",\"rules\",\"websocket_port\",\"functions_emulator\",\"seed_from_export\",\"project_id\",\"single_project_mode\"],\"joinArgs\":false,\"shell\":false,\"port\":8080}"}}
[info] i  firestore: Firestore Emulator logging to firestore-debug.log {"metadata":{"emulator":{"name":"firestore"},"message":"Firestore Emulator logging to \u001b[1mfirestore-debug.log\u001b[22m"}}
[debug] [2025-10-11T17:13:06.070Z] WARNING: A terminally deprecated method in sun.misc.Unsafe has been called
WARNING: sun.misc.Unsafe::objectFieldOffset has been called by io.netty.util.internal.PlatformDependent0$4 (file:/Users/induwarapathirana/.cache/firebase/emulators/cloud-firestore-emulator-v1.19.8.jar)
WARNING: Please consider reporting this to the maintainers of class io.netty.util.internal.PlatformDependent0$4
WARNING: sun.misc.Unsafe::objectFieldOffset will be removed in a future release
 {"metadata":{"emulator":{"name":"firestore"},"message":"WARNING: A terminally deprecated method in sun.misc.Unsafe has been called\nWARNING: sun.misc.Unsafe::objectFieldOffset has been called by io.netty.util.internal.PlatformDependent0$4 (file:/Users/induwarapathirana/.cache/firebase/emulators/cloud-firestore-emulator-v1.19.8.jar)\nWARNING: Please consider reporting this to the maintainers of class io.netty.util.internal.PlatformDependent0$4\nWARNING: sun.misc.Unsafe::objectFieldOffset will be removed in a future release\n"}}
[debug] [2025-10-11T17:13:06.700Z] Oct 11, 2025 10:43:06 PM com.google.cloud.datastore.emulator.firestore.websocket.WebSocketServer start
INFO: Started WebSocket server on ws://127.0.0.1:9150
 {"metadata":{"emulator":{"name":"firestore"},"message":"Oct 11, 2025 10:43:06 PM com.google.cloud.datastore.emulator.firestore.websocket.WebSocketServer start\nINFO: Started WebSocket server on ws://127.0.0.1:9150\n"}}
[debug] [2025-10-11T17:13:06.718Z] API endpoint: http:// {"metadata":{"emulator":{"name":"firestore"},"message":"API endpoint: http://"}}
[debug] [2025-10-11T17:13:06.719Z] 127.0.0.1:8080
If you are using a library that supports the FIRESTORE_EMULATOR_HOST environment variable, run:

   export FIRESTORE_EMULATOR_HOST=127.0.0.1:8080

If you are running a Firestore in Datastore Mode project, run:

   export DATASTORE_EMULATOR_HOST=127.0.0.1:8080

Note: Support for Datastore Mode is in preview. If you encounter any bugs please file at https://github.com/firebase/firebase-tools/issues.
Dev App Server is now running.

 {"metadata":{"emulator":{"name":"firestore"},"message":"127.0.0.1:8080\nIf you are using a library that supports the FIRESTORE_EMULATOR_HOST environment variable, run:\n\n   export FIRESTORE_EMULATOR_HOST=127.0.0.1:8080\n\nIf you are running a Firestore in Datastore Mode project, run:\n\n   export DATASTORE_EMULATOR_HOST=127.0.0.1:8080\n\nNote: Support for Datastore Mode is in preview. If you encounter any bugs please file at https://github.com/firebase/firebase-tools/issues.\nDev App Server is now running.\n\n"}}
[info] ✔  firestore: Firestore Emulator UI websocket is running on 9150. {"metadata":{"emulator":{"name":"firestore"},"message":"Firestore Emulator UI websocket is running on 9150."}}
[debug] [2025-10-11T17:13:11.868Z] Checked if tokens are valid: true, expires at: 1760204574021
[debug] [2025-10-11T17:13:11.868Z] Checked if tokens are valid: true, expires at: 1760204574021
[debug] [2025-10-11T17:13:11.869Z] >>> [apiv2][query] GET https://firebasehosting.googleapis.com/v1beta1/projects/sl-bus-timetable-app/sites 
[debug] [2025-10-11T17:13:13.367Z] <<< [apiv2][status] GET https://firebasehosting.googleapis.com/v1beta1/projects/sl-bus-timetable-app/sites 200
[debug] [2025-10-11T17:13:13.368Z] <<< [apiv2][body] GET https://firebasehosting.googleapis.com/v1beta1/projects/sl-bus-timetable-app/sites {"sites":[{"name":"projects/sl-bus-timetable-app/sites/sl-bus-timetable-app","defaultUrl":"https://sl-bus-timetable-app.web.app","type":"DEFAULT_SITE"}]}
[debug] [2025-10-11T17:13:13.368Z] Checked if tokens are valid: true, expires at: 1760204574021
[debug] [2025-10-11T17:13:13.368Z] Checked if tokens are valid: true, expires at: 1760204574021
[debug] [2025-10-11T17:13:13.368Z] >>> [apiv2][query] GET https://firebase.googleapis.com/v1beta1/projects/sl-bus-timetable-app/webApps/-/config [none]
[debug] [2025-10-11T17:13:14.737Z] <<< [apiv2][status] GET https://firebase.googleapis.com/v1beta1/projects/sl-bus-timetable-app/webApps/-/config 200
[debug] [2025-10-11T17:13:14.737Z] <<< [apiv2][body] GET https://firebase.googleapis.com/v1beta1/projects/sl-bus-timetable-app/webApps/-/config {"projectId":"sl-bus-timetable-app","appId":"1:107324674333:web:2058e8958f2c1dfd0c91f4","storageBucket":"sl-bus-timetable-app.firebasestorage.app","apiKey":"AIzaSyATfiFaqfh0leWZMi8pq7OAgb5G7ANBv8o","authDomain":"sl-bus-timetable-app.firebaseapp.com","messagingSenderId":"107324674333","measurementId":"G-JEBZ0J484N","projectNumber":"107324674333","version":"2"}
[debug] [2025-10-11T17:13:14.749Z] Checked if tokens are valid: true, expires at: 1760204574021
[debug] [2025-10-11T17:13:14.750Z] Checked if tokens are valid: true, expires at: 1760204574021
[debug] [2025-10-11T17:13:14.750Z] >>> [apiv2][query] GET https://firebase.googleapis.com/v1beta1/projects/sl-bus-timetable-app [none]
[debug] [2025-10-11T17:13:15.400Z] <<< [apiv2][status] GET https://firebase.googleapis.com/v1beta1/projects/sl-bus-timetable-app 200
[debug] [2025-10-11T17:13:15.400Z] <<< [apiv2][body] GET https://firebase.googleapis.com/v1beta1/projects/sl-bus-timetable-app {"projectId":"sl-bus-timetable-app","projectNumber":"107324674333","displayName":"sl-bus-timetable-app","name":"projects/sl-bus-timetable-app","resources":{"hostingSite":"sl-bus-timetable-app"},"state":"ACTIVE","etag":"1_3d478f2b-3040-461f-bb13-73277e865c26"}
[info] ✔  hosting[sl-bus-timetable-app]: Local server: http://127.0.0.1:5002 {"metadata":{"emulator":{"name":"hosting"},"message":"Local server: \u001b[4m\u001b[1mhttp://127.0.0.1:5002\u001b[22m\u001b[24m"}}
[info] i  ui: downloading ui-v1.15.0.zip... {"metadata":{"emulator":{"name":"ui"},"message":"downloading ui-v1.15.0.zip..."}}
[debug] [2025-10-11T17:13:15.473Z] >>> [apiv2][query] GET https://storage.googleapis.com/firebase-preview-drop/emulator/ui-v1.15.0.zip 
[debug] [2025-10-11T17:13:15.869Z] <<< [apiv2][status] GET https://storage.googleapis.com/firebase-preview-drop/emulator/ui-v1.15.0.zip 200
[debug] [2025-10-11T17:13:15.869Z] <<< [apiv2][body] GET https://storage.googleapis.com/firebase-preview-drop/emulator/ui-v1.15.0.zip [stream]
[debug] [2025-10-11T17:13:22.579Z] Data is 3538469
[debug] [2025-10-11T17:13:22.580Z] [unzip] Entry: client/ (compressed_size=0 bytes, uncompressed_size=0 bytes)
[debug] [2025-10-11T17:13:22.580Z] [unzip] Processing entry: client/
[debug] [2025-10-11T17:13:22.580Z] [unzip] mkdir: /Users/induwarapathirana/.cache/firebase/emulators/ui-v1.15.0/client/
[debug] [2025-10-11T17:13:22.580Z] [unzip] Entry: client/favicon-16x16.png (compressed_size=293 bytes, uncompressed_size=293 bytes)
[debug] [2025-10-11T17:13:22.580Z] [unzip] Processing entry: client/favicon-16x16.png
[debug] [2025-10-11T17:13:22.580Z] [unzip] else mkdir: /Users/induwarapathirana/.cache/firebase/emulators/ui-v1.15.0/client
[debug] [2025-10-11T17:13:22.581Z] [unzip] Writing file: /Users/induwarapathirana/.cache/firebase/emulators/ui-v1.15.0/client/favicon-16x16.png
[debug] [2025-10-11T17:13:22.581Z] [unzip] Entry: client/safari-pinned-tab.svg (compressed_size=1433 bytes, uncompressed_size=2611 bytes)
[debug] [2025-10-11T17:13:22.581Z] [unzip] Processing entry: client/safari-pinned-tab.svg
[debug] [2025-10-11T17:13:22.581Z] [unzip] else mkdir: /Users/induwarapathirana/.cache/firebase/emulators/ui-v1.15.0/client
[debug] [2025-10-11T17:13:22.581Z] [unzip] deflating: /Users/induwarapathirana/.cache/firebase/emulators/ui-v1.15.0/client/safari-pinned-tab.svg
[debug] [2025-10-11T17:13:22.586Z] [unzip] Entry: client/favicon.ico (compressed_size=2933 bytes, uncompressed_size=13294 bytes)
[debug] [2025-10-11T17:13:22.586Z] [unzip] Processing entry: client/favicon.ico
[debug] [2025-10-11T17:13:22.586Z] [unzip] else mkdir: /Users/induwarapathirana/.cache/firebase/emulators/ui-v1.15.0/client
[debug] [2025-10-11T17:13:22.586Z] [unzip] deflating: /Users/induwarapathirana/.cache/firebase/emulators/ui-v1.15.0/client/favicon.ico
[debug] [2025-10-11T17:13:22.588Z] [unzip] Entry: client/index.html (compressed_size=1364 bytes, uncompressed_size=3071 bytes)
[debug] [2025-10-11T17:13:22.588Z] [unzip] Processing entry: client/index.html
[debug] [2025-10-11T17:13:22.588Z] [unzip] else mkdir: /Users/induwarapathirana/.cache/firebase/emulators/ui-v1.15.0/client
[debug] [2025-10-11T17:13:22.588Z] [unzip] deflating: /Users/induwarapathirana/.cache/firebase/emulators/ui-v1.15.0/client/index.html
[debug] [2025-10-11T17:13:22.589Z] [unzip] Entry: client/android-chrome-192x192.png (compressed_size=2684 bytes, uncompressed_size=2684 bytes)
[debug] [2025-10-11T17:13:22.589Z] [unzip] Processing entry: client/android-chrome-192x192.png
[debug] [2025-10-11T17:13:22.590Z] [unzip] else mkdir: /Users/induwarapathirana/.cache/firebase/emulators/ui-v1.15.0/client
[debug] [2025-10-11T17:13:22.590Z] [unzip] Writing file: /Users/induwarapathirana/.cache/firebase/emulators/ui-v1.15.0/client/android-chrome-192x192.png
[debug] [2025-10-11T17:13:22.590Z] [unzip] Entry: client/apple-touch-icon.png (compressed_size=2123 bytes, uncompressed_size=2152 bytes)
[debug] [2025-10-11T17:13:22.590Z] [unzip] Processing entry: client/apple-touch-icon.png
[debug] [2025-10-11T17:13:22.590Z] [unzip] else mkdir: /Users/induwarapathirana/.cache/firebase/emulators/ui-v1.15.0/client
[debug] [2025-10-11T17:13:22.591Z] [unzip] deflating: /Users/induwarapathirana/.cache/firebase/emulators/ui-v1.15.0/client/apple-touch-icon.png
[debug] [2025-10-11T17:13:22.592Z] [unzip] Entry: client/android-chrome-512x512.png (compressed_size=5369 bytes, uncompressed_size=5411 bytes)
[debug] [2025-10-11T17:13:22.592Z] [unzip] Processing entry: client/android-chrome-512x512.png
[debug] [2025-10-11T17:13:22.592Z] [unzip] else mkdir: /Users/induwarapathirana/.cache/firebase/emulators/ui-v1.15.0/client
[debug] [2025-10-11T17:13:22.593Z] [unzip] deflating: /Users/induwarapathirana/.cache/firebase/emulators/ui-v1.15.0/client/android-chrome-512x512.png
[debug] [2025-10-11T17:13:22.594Z] [unzip] Entry: client/manifest.json (compressed_size=245 bytes, uncompressed_size=551 bytes)
[debug] [2025-10-11T17:13:22.594Z] [unzip] Processing entry: client/manifest.json
[debug] [2025-10-11T17:13:22.594Z] [unzip] else mkdir: /Users/induwarapathirana/.cache/firebase/emulators/ui-v1.15.0/client
[debug] [2025-10-11T17:13:22.595Z] [unzip] deflating: /Users/induwarapathirana/.cache/firebase/emulators/ui-v1.15.0/client/manifest.json
[debug] [2025-10-11T17:13:22.596Z] [unzip] Entry: client/robots.txt (compressed_size=26 bytes, uncompressed_size=26 bytes)
[debug] [2025-10-11T17:13:22.596Z] [unzip] Processing entry: client/robots.txt
[debug] [2025-10-11T17:13:22.596Z] [unzip] else mkdir: /Users/induwarapathirana/.cache/firebase/emulators/ui-v1.15.0/client
[debug] [2025-10-11T17:13:22.597Z] [unzip] Writing file: /Users/induwarapathirana/.cache/firebase/emulators/ui-v1.15.0/client/robots.txt
[debug] [2025-10-11T17:13:22.597Z] [unzip] Entry: client/mstile-150x150.png (compressed_size=2034 bytes, uncompressed_size=2034 bytes)
[debug] [2025-10-11T17:13:22.597Z] [unzip] Processing entry: client/mstile-150x150.png
[debug] [2025-10-11T17:13:22.597Z] [unzip] else mkdir: /Users/induwarapathirana/.cache/firebase/emulators/ui-v1.15.0/client
[debug] [2025-10-11T17:13:22.597Z] [unzip] Writing file: /Users/induwarapathirana/.cache/firebase/emulators/ui-v1.15.0/client/mstile-150x150.png
[debug] [2025-10-11T17:13:22.598Z] [unzip] Entry: client/assets/ (compressed_size=0 bytes, uncompressed_size=0 bytes)
[debug] [2025-10-11T17:13:22.598Z] [unzip] Processing entry: client/assets/
[debug] [2025-10-11T17:13:22.598Z] [unzip] mkdir: /Users/induwarapathirana/.cache/firebase/emulators/ui-v1.15.0/client/assets/
[debug] [2025-10-11T17:13:22.598Z] [unzip] Entry: client/assets/index-BX-A56oj.js (compressed_size=582089 bytes, uncompressed_size=2092775 bytes)
[debug] [2025-10-11T17:13:22.598Z] [unzip] Processing entry: client/assets/index-BX-A56oj.js
[debug] [2025-10-11T17:13:22.598Z] [unzip] else mkdir: /Users/induwarapathirana/.cache/firebase/emulators/ui-v1.15.0/client/assets
[debug] [2025-10-11T17:13:22.598Z] [unzip] deflating: /Users/induwarapathirana/.cache/firebase/emulators/ui-v1.15.0/client/assets/index-BX-A56oj.js
[debug] [2025-10-11T17:13:22.621Z] [unzip] Entry: client/assets/index-CjB9C900.css (compressed_size=35979 bytes, uncompressed_size=298654 bytes)
[debug] [2025-10-11T17:13:22.621Z] [unzip] Processing entry: client/assets/index-CjB9C900.css
[debug] [2025-10-11T17:13:22.621Z] [unzip] else mkdir: /Users/induwarapathirana/.cache/firebase/emulators/ui-v1.15.0/client/assets
[debug] [2025-10-11T17:13:22.621Z] [unzip] deflating: /Users/induwarapathirana/.cache/firebase/emulators/ui-v1.15.0/client/assets/index-CjB9C900.css
[debug] [2025-10-11T17:13:22.623Z] [unzip] Entry: client/assets/index-BX-A56oj.js.map (compressed_size=2362482 bytes, uncompressed_size=10036679 bytes)
[debug] [2025-10-11T17:13:22.623Z] [unzip] Processing entry: client/assets/index-BX-A56oj.js.map
[debug] [2025-10-11T17:13:22.623Z] [unzip] else mkdir: /Users/induwarapathirana/.cache/firebase/emulators/ui-v1.15.0/client/assets
[debug] [2025-10-11T17:13:22.623Z] [unzip] deflating: /Users/induwarapathirana/.cache/firebase/emulators/ui-v1.15.0/client/assets/index-BX-A56oj.js.map
[debug] [2025-10-11T17:13:22.708Z] [unzip] Entry: client/assets/extensions/ (compressed_size=0 bytes, uncompressed_size=0 bytes)
[debug] [2025-10-11T17:13:22.709Z] [unzip] Processing entry: client/assets/extensions/
[debug] [2025-10-11T17:13:22.709Z] [unzip] mkdir: /Users/induwarapathirana/.cache/firebase/emulators/ui-v1.15.0/client/assets/extensions/
[debug] [2025-10-11T17:13:22.709Z] [unzip] Entry: client/assets/extensions/default-extension.png (compressed_size=1646 bytes, uncompressed_size=1657 bytes)
[debug] [2025-10-11T17:13:22.709Z] [unzip] Processing entry: client/assets/extensions/default-extension.png
[debug] [2025-10-11T17:13:22.709Z] [unzip] else mkdir: /Users/induwarapathirana/.cache/firebase/emulators/ui-v1.15.0/client/assets/extensions
[debug] [2025-10-11T17:13:22.709Z] [unzip] deflating: /Users/induwarapathirana/.cache/firebase/emulators/ui-v1.15.0/client/assets/extensions/default-extension.png
[debug] [2025-10-11T17:13:22.711Z] [unzip] Entry: client/assets/img/ (compressed_size=0 bytes, uncompressed_size=0 bytes)
[debug] [2025-10-11T17:13:22.711Z] [unzip] Processing entry: client/assets/img/
[debug] [2025-10-11T17:13:22.711Z] [unzip] mkdir: /Users/induwarapathirana/.cache/firebase/emulators/ui-v1.15.0/client/assets/img/
[debug] [2025-10-11T17:13:22.711Z] [unzip] Entry: client/assets/img/database.png (compressed_size=29449 bytes, uncompressed_size=29988 bytes)
[debug] [2025-10-11T17:13:22.711Z] [unzip] Processing entry: client/assets/img/database.png
[debug] [2025-10-11T17:13:22.711Z] [unzip] else mkdir: /Users/induwarapathirana/.cache/firebase/emulators/ui-v1.15.0/client/assets/img
[debug] [2025-10-11T17:13:22.712Z] [unzip] deflating: /Users/induwarapathirana/.cache/firebase/emulators/ui-v1.15.0/client/assets/img/database.png
[debug] [2025-10-11T17:13:22.713Z] [unzip] Entry: client/assets/provider-icons/ (compressed_size=0 bytes, uncompressed_size=0 bytes)
[debug] [2025-10-11T17:13:22.713Z] [unzip] Processing entry: client/assets/provider-icons/
[debug] [2025-10-11T17:13:22.713Z] [unzip] mkdir: /Users/induwarapathirana/.cache/firebase/emulators/ui-v1.15.0/client/assets/provider-icons/
[debug] [2025-10-11T17:13:22.713Z] [unzip] Entry: client/assets/provider-icons/auth_service_saml.svg (compressed_size=575 bytes, uncompressed_size=1226 bytes)
[debug] [2025-10-11T17:13:22.713Z] [unzip] Processing entry: client/assets/provider-icons/auth_service_saml.svg
[debug] [2025-10-11T17:13:22.713Z] [unzip] else mkdir: /Users/induwarapathirana/.cache/firebase/emulators/ui-v1.15.0/client/assets/provider-icons
[debug] [2025-10-11T17:13:22.713Z] [unzip] deflating: /Users/induwarapathirana/.cache/firebase/emulators/ui-v1.15.0/client/assets/provider-icons/auth_service_saml.svg
[debug] [2025-10-11T17:13:22.714Z] [unzip] Entry: client/assets/provider-icons/auth_service_phone.svg (compressed_size=261 bytes, uncompressed_size=414 bytes)
[debug] [2025-10-11T17:13:22.715Z] [unzip] Processing entry: client/assets/provider-icons/auth_service_phone.svg
[debug] [2025-10-11T17:13:22.715Z] [unzip] else mkdir: /Users/induwarapathirana/.cache/firebase/emulators/ui-v1.15.0/client/assets/provider-icons
[debug] [2025-10-11T17:13:22.715Z] [unzip] deflating: /Users/induwarapathirana/.cache/firebase/emulators/ui-v1.15.0/client/assets/provider-icons/auth_service_phone.svg
[debug] [2025-10-11T17:13:22.715Z] [unzip] Entry: client/assets/provider-icons/auth_service_facebook.svg (compressed_size=289 bytes, uncompressed_size=457 bytes)
[debug] [2025-10-11T17:13:22.715Z] [unzip] Processing entry: client/assets/provider-icons/auth_service_facebook.svg
[debug] [2025-10-11T17:13:22.715Z] [unzip] else mkdir: /Users/induwarapathirana/.cache/firebase/emulators/ui-v1.15.0/client/assets/provider-icons
[debug] [2025-10-11T17:13:22.716Z] [unzip] deflating: /Users/induwarapathirana/.cache/firebase/emulators/ui-v1.15.0/client/assets/provider-icons/auth_service_facebook.svg
[debug] [2025-10-11T17:13:22.716Z] [unzip] Entry: client/assets/provider-icons/auth_service_game_center.svg (compressed_size=991 bytes, uncompressed_size=3921 bytes)
[debug] [2025-10-11T17:13:22.716Z] [unzip] Processing entry: client/assets/provider-icons/auth_service_game_center.svg
[debug] [2025-10-11T17:13:22.716Z] [unzip] else mkdir: /Users/induwarapathirana/.cache/firebase/emulators/ui-v1.15.0/client/assets/provider-icons
[debug] [2025-10-11T17:13:22.717Z] [unzip] deflating: /Users/induwarapathirana/.cache/firebase/emulators/ui-v1.15.0/client/assets/provider-icons/auth_service_game_center.svg
[debug] [2025-10-11T17:13:22.718Z] [unzip] Entry: client/assets/provider-icons/auth_service_apple.svg (compressed_size=230 bytes, uncompressed_size=334 bytes)
[debug] [2025-10-11T17:13:22.718Z] [unzip] Processing entry: client/assets/provider-icons/auth_service_apple.svg
[debug] [2025-10-11T17:13:22.718Z] [unzip] else mkdir: /Users/induwarapathirana/.cache/firebase/emulators/ui-v1.15.0/client/assets/provider-icons
[debug] [2025-10-11T17:13:22.718Z] [unzip] deflating: /Users/induwarapathirana/.cache/firebase/emulators/ui-v1.15.0/client/assets/provider-icons/auth_service_apple.svg
[debug] [2025-10-11T17:13:22.719Z] [unzip] Entry: client/assets/provider-icons/auth_service_github.svg (compressed_size=466 bytes, uncompressed_size=838 bytes)
[debug] [2025-10-11T17:13:22.719Z] [unzip] Processing entry: client/assets/provider-icons/auth_service_github.svg
[debug] [2025-10-11T17:13:22.720Z] [unzip] else mkdir: /Users/induwarapathirana/.cache/firebase/emulators/ui-v1.15.0/client/assets/provider-icons
[debug] [2025-10-11T17:13:22.720Z] [unzip] deflating: /Users/induwarapathirana/.cache/firebase/emulators/ui-v1.15.0/client/assets/provider-icons/auth_service_github.svg
[debug] [2025-10-11T17:13:22.720Z] [unzip] Entry: client/assets/provider-icons/auth_service_mslive.svg (compressed_size=203 bytes, uncompressed_size=378 bytes)
[debug] [2025-10-11T17:13:22.720Z] [unzip] Processing entry: client/assets/provider-icons/auth_service_mslive.svg
[debug] [2025-10-11T17:13:22.720Z] [unzip] else mkdir: /Users/induwarapathirana/.cache/firebase/emulators/ui-v1.15.0/client/assets/provider-icons
[debug] [2025-10-11T17:13:22.721Z] [unzip] deflating: /Users/induwarapathirana/.cache/firebase/emulators/ui-v1.15.0/client/assets/provider-icons/auth_service_mslive.svg
[debug] [2025-10-11T17:13:22.721Z] [unzip] Entry: client/assets/provider-icons/auth_service_yahoo.svg (compressed_size=577 bytes, uncompressed_size=1182 bytes)
[debug] [2025-10-11T17:13:22.721Z] [unzip] Processing entry: client/assets/provider-icons/auth_service_yahoo.svg
[debug] [2025-10-11T17:13:22.722Z] [unzip] else mkdir: /Users/induwarapathirana/.cache/firebase/emulators/ui-v1.15.0/client/assets/provider-icons
[debug] [2025-10-11T17:13:22.722Z] [unzip] deflating: /Users/induwarapathirana/.cache/firebase/emulators/ui-v1.15.0/client/assets/provider-icons/auth_service_yahoo.svg
[debug] [2025-10-11T17:13:22.723Z] [unzip] Entry: client/assets/provider-icons/auth_service_twitter.svg (compressed_size=444 bytes, uncompressed_size=751 bytes)
[debug] [2025-10-11T17:13:22.723Z] [unzip] Processing entry: client/assets/provider-icons/auth_service_twitter.svg
[debug] [2025-10-11T17:13:22.723Z] [unzip] else mkdir: /Users/induwarapathirana/.cache/firebase/emulators/ui-v1.15.0/client/assets/provider-icons
[debug] [2025-10-11T17:13:22.723Z] [unzip] deflating: /Users/induwarapathirana/.cache/firebase/emulators/ui-v1.15.0/client/assets/provider-icons/auth_service_twitter.svg
[debug] [2025-10-11T17:13:22.724Z] [unzip] Entry: client/assets/provider-icons/auth_service_play_games.svg (compressed_size=565 bytes, uncompressed_size=1173 bytes)
[debug] [2025-10-11T17:13:22.724Z] [unzip] Processing entry: client/assets/provider-icons/auth_service_play_games.svg
[debug] [2025-10-11T17:13:22.724Z] [unzip] else mkdir: /Users/induwarapathirana/.cache/firebase/emulators/ui-v1.15.0/client/assets/provider-icons
[debug] [2025-10-11T17:13:22.724Z] [unzip] deflating: /Users/induwarapathirana/.cache/firebase/emulators/ui-v1.15.0/client/assets/provider-icons/auth_service_play_games.svg
[debug] [2025-10-11T17:13:22.725Z] [unzip] Entry: client/assets/provider-icons/auth_service_email.svg (compressed_size=228 bytes, uncompressed_size=326 bytes)
[debug] [2025-10-11T17:13:22.725Z] [unzip] Processing entry: client/assets/provider-icons/auth_service_email.svg
[debug] [2025-10-11T17:13:22.725Z] [unzip] else mkdir: /Users/induwarapathirana/.cache/firebase/emulators/ui-v1.15.0/client/assets/provider-icons
[debug] [2025-10-11T17:13:22.725Z] [unzip] deflating: /Users/induwarapathirana/.cache/firebase/emulators/ui-v1.15.0/client/assets/provider-icons/auth_service_email.svg
[debug] [2025-10-11T17:13:22.726Z] [unzip] Entry: client/assets/provider-icons/auth_service_google.svg (compressed_size=409 bytes, uncompressed_size=720 bytes)
[debug] [2025-10-11T17:13:22.726Z] [unzip] Processing entry: client/assets/provider-icons/auth_service_google.svg
[debug] [2025-10-11T17:13:22.726Z] [unzip] else mkdir: /Users/induwarapathirana/.cache/firebase/emulators/ui-v1.15.0/client/assets/provider-icons
[debug] [2025-10-11T17:13:22.726Z] [unzip] deflating: /Users/induwarapathirana/.cache/firebase/emulators/ui-v1.15.0/client/assets/provider-icons/auth_service_google.svg
[debug] [2025-10-11T17:13:22.727Z] [unzip] Entry: client/assets/provider-icons/auth_service_oidc.svg (compressed_size=414 bytes, uncompressed_size=858 bytes)
[debug] [2025-10-11T17:13:22.727Z] [unzip] Processing entry: client/assets/provider-icons/auth_service_oidc.svg
[debug] [2025-10-11T17:13:22.727Z] [unzip] else mkdir: /Users/induwarapathirana/.cache/firebase/emulators/ui-v1.15.0/client/assets/provider-icons
[debug] [2025-10-11T17:13:22.727Z] [unzip] deflating: /Users/induwarapathirana/.cache/firebase/emulators/ui-v1.15.0/client/assets/provider-icons/auth_service_oidc.svg
[debug] [2025-10-11T17:13:22.728Z] [unzip] Entry: client/browserconfig.xml (compressed_size=491 bytes, uncompressed_size=822 bytes)
[debug] [2025-10-11T17:13:22.728Z] [unzip] Processing entry: client/browserconfig.xml
[debug] [2025-10-11T17:13:22.728Z] [unzip] else mkdir: /Users/induwarapathirana/.cache/firebase/emulators/ui-v1.15.0/client
[debug] [2025-10-11T17:13:22.728Z] [unzip] deflating: /Users/induwarapathirana/.cache/firebase/emulators/ui-v1.15.0/client/browserconfig.xml
[debug] [2025-10-11T17:13:22.729Z] [unzip] Entry: client/favicon-32x32.png (compressed_size=475 bytes, uncompressed_size=475 bytes)
[debug] [2025-10-11T17:13:22.729Z] [unzip] Processing entry: client/favicon-32x32.png
[debug] [2025-10-11T17:13:22.729Z] [unzip] else mkdir: /Users/induwarapathirana/.cache/firebase/emulators/ui-v1.15.0/client
[debug] [2025-10-11T17:13:22.729Z] [unzip] Writing file: /Users/induwarapathirana/.cache/firebase/emulators/ui-v1.15.0/client/favicon-32x32.png
[debug] [2025-10-11T17:13:22.734Z] [unzip] Entry: server/ (compressed_size=0 bytes, uncompressed_size=0 bytes)
[debug] [2025-10-11T17:13:22.734Z] [unzip] Processing entry: server/
[debug] [2025-10-11T17:13:22.734Z] [unzip] mkdir: /Users/induwarapathirana/.cache/firebase/emulators/ui-v1.15.0/server/
[debug] [2025-10-11T17:13:22.734Z] [unzip] Entry: server/server.mjs.map (compressed_size=217845 bytes, uncompressed_size=944978 bytes)
[debug] [2025-10-11T17:13:22.734Z] [unzip] Processing entry: server/server.mjs.map
[debug] [2025-10-11T17:13:22.734Z] [unzip] else mkdir: /Users/induwarapathirana/.cache/firebase/emulators/ui-v1.15.0/server
[debug] [2025-10-11T17:13:22.734Z] [unzip] deflating: /Users/induwarapathirana/.cache/firebase/emulators/ui-v1.15.0/server/server.mjs.map
[debug] [2025-10-11T17:13:22.741Z] [unzip] Entry: server/server.mjs (compressed_size=276407 bytes, uncompressed_size=933701 bytes)
[debug] [2025-10-11T17:13:22.741Z] [unzip] Processing entry: server/server.mjs
[debug] [2025-10-11T17:13:22.741Z] [unzip] else mkdir: /Users/induwarapathirana/.cache/firebase/emulators/ui-v1.15.0/server
[debug] [2025-10-11T17:13:22.741Z] [unzip] deflating: /Users/induwarapathirana/.cache/firebase/emulators/ui-v1.15.0/server/server.mjs
[debug] [2025-10-11T17:13:22.754Z] Could not find VSCode notification endpoint: FetchError: request to http://localhost:40001/vscode/notify failed, reason: . If you are not running the Firebase Data Connect VSCode extension, this is expected and not an issue.
[info] 
┌─────────────────────────────────────────────────────────────┐
│ ✔  All emulators ready! It is now safe to connect your app. │
│ i  View Emulator UI at http://127.0.0.1:4000/               │
└─────────────────────────────────────────────────────────────┘

┌────────────────┬────────────────┬─────────────────────────────────┐
│ Emulator       │ Host:Port      │ View in Emulator UI             │
├────────────────┼────────────────┼─────────────────────────────────┤
│ Authentication │ 127.0.0.1:9099 │ http://127.0.0.1:4000/auth      │
├────────────────┼────────────────┼─────────────────────────────────┤
│ Firestore      │ 127.0.0.1:8080 │ http://127.0.0.1:4000/firestore │
├────────────────┼────────────────┼─────────────────────────────────┤
│ Hosting        │ 127.0.0.1:5002 │ n/a                             │
└────────────────┴────────────────┴─────────────────────────────────┘
  Emulator Hub host: 127.0.0.1 port: 4400
  Other reserved ports: 4500, 9150

Issues? Report them at https://github.com/firebase/firebase-tools/issues and attach the *-debug.log files.
 
[debug] [2025-10-11T17:13:30.496Z] Oct 11, 2025 10:43:30 PM com.google.cloud.datastore.emulator.firestore.websocket.WebSocketChannelHandler initChannel
INFO: Connected to new websocket client
 {"metadata":{"emulator":{"name":"firestore"},"message":"Oct 11, 2025 10:43:30 PM com.google.cloud.datastore.emulator.firestore.websocket.WebSocketChannelHandler initChannel\nINFO: Connected to new websocket client\n"}}
[debug] [2025-10-11T17:13:40.201Z] Oct 11, 2025 10:43:40 PM com.google.cloud.datastore.emulator.firestore.websocket.WebSocketChannelHandler initChannel
INFO: Connected to new websocket client
 {"metadata":{"emulator":{"name":"firestore"},"message":"Oct 11, 2025 10:43:40 PM com.google.cloud.datastore.emulator.firestore.websocket.WebSocketChannelHandler initChannel\nINFO: Connected to new websocket client\n"}}
[debug] [2025-10-11T17:13:40.252Z] Oct 11, 2025 10:43:40 PM io.gapi.emulators.netty.HttpVersionRoutingHandler channelRead
INFO: Detected non-HTTP/2 connection.
 {"metadata":{"emulator":{"name":"firestore"},"message":"Oct 11, 2025 10:43:40 PM io.gapi.emulators.netty.HttpVersionRoutingHandler channelRead\nINFO: Detected non-HTTP/2 connection.\n"}}
[debug] [2025-10-11T17:13:40.404Z] Oct 11, 2025 10:43:40 PM io.gapi.emulators.netty.HttpVersionRoutingHandler channelRead
INFO: Detected HTTP/2 connection.
 {"metadata":{"emulator":{"name":"firestore"},"message":"Oct 11, 2025 10:43:40 PM io.gapi.emulators.netty.HttpVersionRoutingHandler channelRead\nINFO: Detected HTTP/2 connection.\n"}}
[debug] [2025-10-11T17:13:50.854Z] Oct 11, 2025 10:43:50 PM io.gapi.emulators.netty.HttpVersionRoutingHandler channelRead
INFO: Detected non-HTTP/2 connection.
 {"metadata":{"emulator":{"name":"firestore"},"message":"Oct 11, 2025 10:43:50 PM io.gapi.emulators.netty.HttpVersionRoutingHandler channelRead\nINFO: Detected non-HTTP/2 connection.\n"}}
[debug] [2025-10-11T17:14:00.891Z] Oct 11, 2025 10:44:00 PM io.gapi.emulators.netty.HttpVersionRoutingHandler channelRead
INFO: Detected non-HTTP/2 connection.
 {"metadata":{"emulator":{"name":"firestore"},"message":"Oct 11, 2025 10:44:00 PM io.gapi.emulators.netty.HttpVersionRoutingHandler channelRead\nINFO: Detected non-HTTP/2 connection.\n"}}
[debug] [2025-10-11T17:14:06.684Z] Oct 11, 2025 10:44:06 PM io.gapi.emulators.netty.HttpVersionRoutingHandler channelRead
INFO: Detected non-HTTP/2 connection.
 {"metadata":{"emulator":{"name":"firestore"},"message":"Oct 11, 2025 10:44:06 PM io.gapi.emulators.netty.HttpVersionRoutingHandler channelRead\nINFO: Detected non-HTTP/2 connection.\n"}}
[debug] [2025-10-11T17:14:11.497Z] Oct 11, 2025 10:44:11 PM io.gapi.emulators.netty.HttpVersionRoutingHandler channelRead
INFO: Detected non-HTTP/2 connection.
 {"metadata":{"emulator":{"name":"firestore"},"message":"Oct 11, 2025 10:44:11 PM io.gapi.emulators.netty.HttpVersionRoutingHandler channelRead\nINFO: Detected non-HTTP/2 connection.\n"}}
[debug] [2025-10-11T17:14:21.410Z] Oct 11, 2025 10:44:21 PM io.gapi.emulators.netty.HttpVersionRoutingHandler channelRead
INFO: Detected non-HTTP/2 connection.
 {"metadata":{"emulator":{"name":"firestore"},"message":"Oct 11, 2025 10:44:21 PM io.gapi.emulators.netty.HttpVersionRoutingHandler channelRead\nINFO: Detected non-HTTP/2 connection.\n"}}
[debug] [2025-10-11T17:16:37.115Z] Oct 11, 2025 10:46:37 PM io.gapi.emulators.netty.HttpVersionRoutingHandler channelRead
INFO: Detected non-HTTP/2 connection.
 {"metadata":{"emulator":{"name":"firestore"},"message":"Oct 11, 2025 10:46:37 PM io.gapi.emulators.netty.HttpVersionRoutingHandler channelRead\nINFO: Detected non-HTTP/2 connection.\n"}}
[debug] [2025-10-11T17:16:38.891Z] Oct 11, 2025 10:46:38 PM com.google.cloud.datastore.emulator.firestore.websocket.WebSocketChannelHandler channelClosed
INFO: Websocket client disconnected
 {"metadata":{"emulator":{"name":"firestore"},"message":"Oct 11, 2025 10:46:38 PM com.google.cloud.datastore.emulator.firestore.websocket.WebSocketChannelHandler channelClosed\nINFO: Websocket client disconnected\n"}}
[debug] [2025-10-11T17:16:39.109Z] Oct 11, 2025 10:46:39 PM com.google.cloud.datastore.emulator.firestore.websocket.WebSocketChannelHandler initChannel
INFO: Connected to new websocket client
 {"metadata":{"emulator":{"name":"firestore"},"message":"Oct 11, 2025 10:46:39 PM com.google.cloud.datastore.emulator.firestore.websocket.WebSocketChannelHandler initChannel\nINFO: Connected to new websocket client\n"}}
[debug] [2025-10-11T17:16:39.111Z] Oct 11, 2025 10:46:39 PM io.gapi.emulators.netty.HttpVersionRoutingHandler channelRead
INFO: Detected non-HTTP/2 connection.
 {"metadata":{"emulator":{"name":"firestore"},"message":"Oct 11, 2025 10:46:39 PM io.gapi.emulators.netty.HttpVersionRoutingHandler channelRead\nINFO: Detected non-HTTP/2 connection.\n"}}
[debug] [2025-10-11T17:16:49.158Z] Oct 11, 2025 10:46:49 PM io.gapi.emulators.netty.HttpVersionRoutingHandler channelRead
INFO: Detected non-HTTP/2 connection.
 {"metadata":{"emulator":{"name":"firestore"},"message":"Oct 11, 2025 10:46:49 PM io.gapi.emulators.netty.HttpVersionRoutingHandler channelRead\nINFO: Detected non-HTTP/2 connection.\n"}}
[debug] [2025-10-11T17:16:52.315Z] Oct 11, 2025 10:46:52 PM com.google.cloud.datastore.emulator.firestore.websocket.WebSocketChannelHandler initChannel
INFO: Connected to new websocket client
 {"metadata":{"emulator":{"name":"firestore"},"message":"Oct 11, 2025 10:46:52 PM com.google.cloud.datastore.emulator.firestore.websocket.WebSocketChannelHandler initChannel\nINFO: Connected to new websocket client\n"}}
[debug] [2025-10-11T17:16:59.216Z] Oct 11, 2025 10:46:59 PM io.gapi.emulators.netty.HttpVersionRoutingHandler channelRead
INFO: Detected non-HTTP/2 connection.
 {"metadata":{"emulator":{"name":"firestore"},"message":"Oct 11, 2025 10:46:59 PM io.gapi.emulators.netty.HttpVersionRoutingHandler channelRead\nINFO: Detected non-HTTP/2 connection.\n"}}
[debug] [2025-10-11T17:17:00.741Z] Oct 11, 2025 10:47:00 PM com.google.cloud.datastore.emulator.firestore.websocket.WebSocketChannelHandler channelClosed
INFO: Websocket client disconnected
 {"metadata":{"emulator":{"name":"firestore"},"message":"Oct 11, 2025 10:47:00 PM com.google.cloud.datastore.emulator.firestore.websocket.WebSocketChannelHandler channelClosed\nINFO: Websocket client disconnected\n"}}
[debug] [2025-10-11T17:17:05.363Z] Oct 11, 2025 10:47:05 PM com.google.cloud.datastore.emulator.firestore.websocket.WebSocketChannelHandler channelClosed
INFO: Websocket client disconnected
 {"metadata":{"emulator":{"name":"firestore"},"message":"Oct 11, 2025 10:47:05 PM com.google.cloud.datastore.emulator.firestore.websocket.WebSocketChannelHandler channelClosed\nINFO: Websocket client disconnected\n"}}
[debug] [2025-10-11T17:17:06.634Z] Oct 11, 2025 10:47:06 PM io.gapi.emulators.netty.HttpVersionRoutingHandler channelRead
INFO: Detected non-HTTP/2 connection.
 {"metadata":{"emulator":{"name":"firestore"},"message":"Oct 11, 2025 10:47:06 PM io.gapi.emulators.netty.HttpVersionRoutingHandler channelRead\nINFO: Detected non-HTTP/2 connection.\n"}}
[debug] [2025-10-11T17:17:09.388Z] Oct 11, 2025 10:47:09 PM com.google.cloud.datastore.emulator.firestore.websocket.WebSocketChannelHandler initChannel
INFO: Connected to new websocket client
 {"metadata":{"emulator":{"name":"firestore"},"message":"Oct 11, 2025 10:47:09 PM com.google.cloud.datastore.emulator.firestore.websocket.WebSocketChannelHandler initChannel\nINFO: Connected to new websocket client\n"}}
[debug] [2025-10-11T17:17:30.087Z] Oct 11, 2025 10:47:30 PM io.gapi.emulators.netty.HttpVersionRoutingHandler channelRead
INFO: Detected non-HTTP/2 connection.
 {"metadata":{"emulator":{"name":"firestore"},"message":"Oct 11, 2025 10:47:30 PM io.gapi.emulators.netty.HttpVersionRoutingHandler channelRead\nINFO: Detected non-HTTP/2 connection.\n"}}
